"GET /admin/login/?next=/admin/ HTTP/1.1" 200 3058
Internal Server Error: /acc/get_code/
Traceback (most recent call last):
  File "/home/bchavcut/Documents/dj-lesspass/.env/lib/python3.11/site-packages/kombu/utils/functional.py", line 32, in __call__
    return self.__value__
           ^^^^^^^^^^^^^^
AttributeError: 'ChannelPromise' object has no attribute '__value__'

During handling of the above exception, another exception occurred:

Traceback (most recent call last):
  File "/home/bchavcut/Documents/dj-lesspass/.env/lib/python3.11/site-packages/kombu/connection.py", line 472, in _reraise_as_library_errors
    yield
  File "/home/bchavcut/Documents/dj-lesspass/.env/lib/python3.11/site-packages/kombu/connection.py", line 459, in _ensure_connection
    return retry_over_time(
           ^^^^^^^^^^^^^^^^
  File "/home/bchavcut/Documents/dj-lesspass/.env/lib/python3.11/site-packages/kombu/utils/functional.py", line 318, in retry_over_time
    return fun(*args, **kwargs)
           ^^^^^^^^^^^^^^^^^^^^
  File "/home/bchavcut/Documents/dj-lesspass/.env/lib/python3.11/site-packages/kombu/connection.py", line 934, in _connection_factory
    self._connection = self._establish_connection()
                       ^^^^^^^^^^^^^^^^^^^^^^^^^^^^
  File "/home/bchavcut/Documents/dj-lesspass/.env/lib/python3.11/site-packages/kombu/connection.py", line 860, in _establish_connection
    conn = self.transport.establish_connection()
           ^^^^^^^^^^^^^^^^^^^^^^^^^^^^^^^^^^^^^
  File "/home/bchavcut/Documents/dj-lesspass/.env/lib/python3.11/site-packages/kombu/transport/pyamqp.py", line 203, in establish_connection
    conn.connect()
  File "/home/bchavcut/Documents/dj-lesspass/.env/lib/python3.11/site-packages/amqp/connection.py", line 324, in connect
    self.transport.connect()
  File "/home/bchavcut/Documents/dj-lesspass/.env/lib/python3.11/site-packages/amqp/transport.py", line 129, in connect
    self._connect(self.host, self.port, self.connect_timeout)
  File "/home/bchavcut/Documents/dj-lesspass/.env/lib/python3.11/site-packages/amqp/transport.py", line 184, in _connect
    self.sock.connect(sa)
ConnectionRefusedError: [Errno 111] Connection refused

The above exception was the direct cause of the following exception:

Traceback (most recent call last):
  File "/home/bchavcut/Documents/dj-lesspass/.env/lib/python3.11/site-packages/django/core/handlers/exception.py", line 55, in inner
    response = get_response(request)
               ^^^^^^^^^^^^^^^^^^^^^
  File "/home/bchavcut/Documents/dj-lesspass/.env/lib/python3.11/site-packages/django/core/handlers/base.py", line 197, in _get_response
    response = wrapped_callback(request, *callback_args, **callback_kwargs)
               ^^^^^^^^^^^^^^^^^^^^^^^^^^^^^^^^^^^^^^^^^^^^^^^^^^^^^^^^^^^^
  File "/home/bchavcut/Documents/dj-lesspass/.env/lib/python3.11/site-packages/django/views/decorators/csrf.py", line 65, in _view_wrapper
    return view_func(request, *args, **kwargs)
           ^^^^^^^^^^^^^^^^^^^^^^^^^^^^^^^^^^^
  File "/home/bchavcut/Documents/dj-lesspass/.env/lib/python3.11/site-packages/django/views/generic/base.py", line 104, in view
    return self.dispatch(request, *args, **kwargs)
           ^^^^^^^^^^^^^^^^^^^^^^^^^^^^^^^^^^^^^^^
  File "/home/bchavcut/Documents/dj-lesspass/.env/lib/python3.11/site-packages/rest_framework/views.py", line 509, in dispatch
    response = self.handle_exception(exc)
               ^^^^^^^^^^^^^^^^^^^^^^^^^^
  File "/home/bchavcut/Documents/dj-lesspass/.env/lib/python3.11/site-packages/rest_framework/views.py", line 469, in handle_exception
    self.raise_uncaught_exception(exc)
  File "/home/bchavcut/Documents/dj-lesspass/.env/lib/python3.11/site-packages/rest_framework/views.py", line 480, in raise_uncaught_exception
    raise exc
  File "/home/bchavcut/Documents/dj-lesspass/.env/lib/python3.11/site-packages/rest_framework/views.py", line 506, in dispatch
    response = handler(request, *args, **kwargs)
               ^^^^^^^^^^^^^^^^^^^^^^^^^^^^^^^^^
  File "/home/bchavcut/Documents/dj-lesspass/lesspass/acc/views.py", line 34, in post
    send_otp_to_phone_number_task.delay(phone_number, code)
  File "/home/bchavcut/Documents/dj-lesspass/.env/lib/python3.11/site-packages/celery/app/task.py", line 444, in delay
    return self.apply_async(args, kwargs)
           ^^^^^^^^^^^^^^^^^^^^^^^^^^^^^^
  File "/home/bchavcut/Documents/dj-lesspass/.env/lib/python3.11/site-packages/celery/app/task.py", line 594, in apply_async
    return app.send_task(
           ^^^^^^^^^^^^^^
  File "/home/bchavcut/Documents/dj-lesspass/.env/lib/python3.11/site-packages/celery/app/base.py", line 799, in send_task
    amqp.send_task_message(P, name, message, **options)
  File "/home/bchavcut/Documents/dj-lesspass/.env/lib/python3.11/site-packages/celery/app/amqp.py", line 518, in send_task_message
    ret = producer.publish(
          ^^^^^^^^^^^^^^^^^
  File "/home/bchavcut/Documents/dj-lesspass/.env/lib/python3.11/site-packages/kombu/messaging.py", line 186, in publish
    return _publish(
           ^^^^^^^^^
  File "/home/bchavcut/Documents/dj-lesspass/.env/lib/python3.11/site-packages/kombu/connection.py", line 556, in _ensured
    return fun(*args, **kwargs)
           ^^^^^^^^^^^^^^^^^^^^
  File "/home/bchavcut/Documents/dj-lesspass/.env/lib/python3.11/site-packages/kombu/messaging.py", line 195, in _publish
    channel = self.channel
              ^^^^^^^^^^^^
  File "/home/bchavcut/Documents/dj-lesspass/.env/lib/python3.11/site-packages/kombu/messaging.py", line 218, in _get_channel
    channel = self._channel = channel()
                              ^^^^^^^^^
  File "/home/bchavcut/Documents/dj-lesspass/.env/lib/python3.11/site-packages/kombu/utils/functional.py", line 34, in __call__
    value = self.__value__ = self.__contract__()
                             ^^^^^^^^^^^^^^^^^^^
  File "/home/bchavcut/Documents/dj-lesspass/.env/lib/python3.11/site-packages/kombu/messaging.py", line 234, in <lambda>
    channel = ChannelPromise(lambda: connection.default_channel)
                                     ^^^^^^^^^^^^^^^^^^^^^^^^^^
  File "/home/bchavcut/Documents/dj-lesspass/.env/lib/python3.11/site-packages/kombu/connection.py", line 953, in default_channel
    self._ensure_connection(**conn_opts)
  File "/home/bchavcut/Documents/dj-lesspass/.env/lib/python3.11/site-packages/kombu/connection.py", line 458, in _ensure_connection
    with ctx():
  File "/usr/lib/python3.11/contextlib.py", line 155, in __exit__
    self.gen.throw(typ, value, traceback)
  File "/home/bchavcut/Documents/dj-lesspass/.env/lib/python3.11/site-packages/kombu/connection.py", line 476, in _reraise_as_library_errors
    raise ConnectionError(str(exc)) from exc
kombu.exceptions.OperationalError: [Errno 111] Connection refused
"POST /acc/get_code/ HTTP/1.1" 500 242480
"GET /admin/login/?next=/admin/ HTTP/1.1" 200 3058
"POST /acc/get_code/ HTTP/1.1" 200 41
/home/bchavcut/Documents/dj-lesspass/lesspass/core/settings.py changed, reloading.
Watching for file changes with StatReloader
/home/bchavcut/Documents/dj-lesspass/lesspass/core/settings.py changed, reloading.
Watching for file changes with StatReloader
Watching for file changes with StatReloader
"GET /admin/login/?next=/admin/ HTTP/1.1" 200 3058
"POST /acc/get_code/ HTTP/1.1" 200 41
/home/bchavcut/Documents/dj-lesspass/lesspass/utils/send_otp.py changed, reloading.
Watching for file changes with StatReloader
/home/bchavcut/Documents/dj-lesspass/lesspass/core/settings.py changed, reloading.
Watching for file changes with StatReloader
/home/bchavcut/Documents/dj-lesspass/lesspass/utils/send_otp.py changed, reloading.
Watching for file changes with StatReloader
Watching for file changes with StatReloader
"GET /admin/login/?next=/admin/ HTTP/1.1" 200 3058
"POST /acc/get_code/ HTTP/1.1" 200 41
"POST /admin/login/?next=/admin/ HTTP/1.1" 200 3092
"POST /acc/get_code/ HTTP/1.1" 200 41
/home/bchavcut/Documents/dj-lesspass/lesspass/utils/send_otp.py changed, reloading.
Watching for file changes with StatReloader
/home/bchavcut/Documents/dj-lesspass/lesspass/utils/send_otp.py changed, reloading.
Watching for file changes with StatReloader
/home/bchavcut/Documents/dj-lesspass/lesspass/utils/send_otp.py changed, reloading.
Watching for file changes with StatReloader
"POST /admin/login/?next=/admin/ HTTP/1.1" 200 3092
"POST /acc/get_code/ HTTP/1.1" 200 41
/home/bchavcut/Documents/dj-lesspass/lesspass/utils/send_otp.py changed, reloading.
Watching for file changes with StatReloader
/home/bchavcut/Documents/dj-lesspass/lesspass/core/settings.py changed, reloading.
Watching for file changes with StatReloader
/home/bchavcut/Documents/dj-lesspass/lesspass/utils/send_otp.py changed, reloading.
Watching for file changes with StatReloader
"POST /admin/login/?next=/admin/ HTTP/1.1" 200 3092
"POST /acc/get_code/ HTTP/1.1" 200 41
/home/bchavcut/Documents/dj-lesspass/lesspass/utils/send_otp.py changed, reloading.
Watching for file changes with StatReloader
"GET /admin/ HTTP/1.1" 302 0
"GET /admin/login/?next=/admin/ HTTP/1.1" 200 3058
"POST /acc/get_code/ HTTP/1.1" 200 41
/home/bchavcut/Documents/dj-lesspass/lesspass/utils/send_otp.py changed, reloading.
Watching for file changes with StatReloader
/home/bchavcut/Documents/dj-lesspass/lesspass/utils/send_otp.py changed, reloading.
Watching for file changes with StatReloader
/home/bchavcut/Documents/dj-lesspass/lesspass/acc/tasks.py changed, reloading.
Watching for file changes with StatReloader
"POST /acc/get_code/ HTTP/1.1" 200 41
"GET /admin/login/?next=/admin/ HTTP/1.1" 200 3058
"POST /acc/get_code/ HTTP/1.1" 200 41
"GET /admin/ HTTP/1.1" 302 0
"GET /admin/login/?next=/admin/ HTTP/1.1" 200 3058
"POST /acc/get_code/ HTTP/1.1" 200 41
/home/bchavcut/Documents/dj-lesspass/lesspass/acc/tasks.py changed, reloading.
Watching for file changes with StatReloader
"POST /admin/login/?next=/admin/ HTTP/1.1" 302 0
"GET /admin/ HTTP/1.1" 200 5693
"GET /static/admin/css/base.css HTTP/1.1" 304 0
"GET /static/admin/css/nav_sidebar.css HTTP/1.1" 304 0
"GET /static/admin/css/dark_mode.css HTTP/1.1" 304 0
"GET /static/admin/css/responsive.css HTTP/1.1" 304 0
"GET /static/admin/css/dashboard.css HTTP/1.1" 304 0
"GET /static/admin/js/nav_sidebar.js HTTP/1.1" 304 0
"GET /static/admin/js/theme.js HTTP/1.1" 304 0
"GET /static/admin/img/icon-addlink.svg HTTP/1.1" 304 0
"GET /static/admin/img/icon-changelink.svg HTTP/1.1" 304 0
